2020-09-18 21:08:36.424 [restartedMain] INFO  priv.jesse.mall.MallApplication - Starting MallApplication on LAPTOP-VPSLCGDP with PID 16040 (started by 14530 in D:\电脑软件\other\ideaWorkSpace\Shoop)
2020-09-18 21:08:36.448 [restartedMain] DEBUG priv.jesse.mall.MallApplication - Running with Spring Boot v1.5.8.RELEASE, Spring v4.3.12.RELEASE
2020-09-18 21:08:36.450 [restartedMain] INFO  priv.jesse.mall.MallApplication - No active profile set, falling back to default profiles: default
2020-09-18 21:08:36.922 [background-preinit] INFO  org.hibernate.validator.internal.util.Version - HV000001: Hibernate Validator 5.3.5.Final
2020-09-18 21:08:40.964 [restartedMain] INFO  org.apache.catalina.core.StandardService - Starting service [Tomcat]
2020-09-18 21:08:40.965 [restartedMain] INFO  org.apache.catalina.core.StandardEngine - Starting Servlet Engine: Apache Tomcat/8.5.23
2020-09-18 21:08:41.136 [localhost-startStop-1] INFO  org.apache.catalina.core.ContainerBase.[Tomcat].[localhost].[/mall] - Initializing Spring embedded WebApplicationContext
2020-09-18 21:08:42.629 [restartedMain] INFO  org.hibernate.jpa.internal.util.LogHelper - HHH000204: Processing PersistenceUnitInfo [
	name: default
	...]
2020-09-18 21:08:42.934 [restartedMain] INFO  org.hibernate.Version - HHH000412: Hibernate Core {5.0.12.Final}
2020-09-18 21:08:42.934 [restartedMain] INFO  org.hibernate.cfg.Environment - HHH000206: hibernate.properties not found
2020-09-18 21:08:42.934 [restartedMain] INFO  org.hibernate.cfg.Environment - HHH000021: Bytecode provider name : javassist
2020-09-18 21:08:43.024 [restartedMain] INFO  org.hibernate.annotations.common.Version - HCANN000001: Hibernate Commons Annotations {5.0.1.Final}
2020-09-18 21:08:43.900 [restartedMain] INFO  com.alibaba.druid.pool.DruidDataSource - {dataSource-1} inited
2020-09-18 21:08:43.914 [restartedMain] INFO  org.hibernate.dialect.Dialect - HHH000400: Using dialect: org.hibernate.dialect.MySQL5Dialect
2020-09-18 21:08:44.449 [restartedMain] INFO  org.hibernate.tool.hbm2ddl.SchemaUpdate - HHH000228: Running hbm2ddl schema update
2020-09-18 21:08:52.845 [restartedMain] INFO  org.apache.coyote.http11.Http11NioProtocol - Initializing ProtocolHandler ["http-nio-8182"]
2020-09-18 21:08:52.862 [restartedMain] INFO  org.apache.coyote.http11.Http11NioProtocol - Starting ProtocolHandler ["http-nio-8182"]
2020-09-18 21:08:52.870 [restartedMain] INFO  org.apache.tomcat.util.net.NioSelectorPool - Using a shared selector for servlet write/read
2020-09-18 21:08:52.898 [restartedMain] INFO  priv.jesse.mall.MallApplication - Started MallApplication in 16.994 seconds (JVM running for 20.613)
2020-09-18 21:10:13.783 [http-nio-8182-exec-1] INFO  org.apache.catalina.core.ContainerBase.[Tomcat].[localhost].[/mall] - Initializing Spring FrameworkServlet 'dispatcherServlet'
2020-09-18 21:10:14.055 [http-nio-8182-exec-1] INFO  org.hibernate.hql.internal.QueryTranslatorFactoryInitiator - HHH000397: Using ASTQueryTranslatorFactory
